<?xml version="1.0" encoding="UTF-8"?>
<!-- Generated by org.testng.reporters.JUnitXMLReporter -->
<testsuite ignored="0" hostname="inbl01lap5112" failures="0" tests="4" name="Default test" time="18.936" errors="0" timestamp="2022-02-19T16:02:47 IST">
  <testcase classname="Testcases.TestCase_Mrs" name="log_in" time="0.374"/>
  <testcase classname="Testcases.TestCase_Mrs" name="Sign_in" time="6.155"/>
  <testcase classname="Testcases.TestCase_Mrs" name="Find_patient" time="5.934"/>
  <testcase classname="Testcases.TestCase_Mrs" name="CaptureVitals" time="6.318"/>
</testsuite> <!-- Default test -->
