<?xml version="1.0" encoding="UTF-8"?>
<!-- Generated by org.testng.reporters.JUnitXMLReporter -->
<testsuite ignored="0" hostname="inbl01lap5112" failures="0" tests="4" name="Test" time="6.045" errors="0" timestamp="2022-02-19T15:42:15 IST">
  <testcase classname="PostRequest.Project_PostRequest" name="Post_Request" time="3.404"/>
  <testcase classname="GetRequest.Project_GetRequest" name="Get_Request" time="1.416"/>
  <testcase classname="DeleteRequest.Project_DeleteRequest" name="Delete_Request" time="0.592"/>
  <testcase classname="PutRequest.Project_PutRequest" name="Put_Request" time="0.563"/>
</testsuite> <!-- Test -->
