<?xml version="1.0" encoding="UTF-8"?>
<testng-results ignored="0" total="4" passed="4" failed="0" skipped="0">
  <reporter-output>
  </reporter-output>
  <suite started-at="2022-02-19T15:42:09 IST" name="Suite" finished-at="2022-02-19T15:42:15 IST" duration-ms="6045">
    <groups>
    </groups>
    <test started-at="2022-02-19T15:42:09 IST" name="Test" finished-at="2022-02-19T15:42:15 IST" duration-ms="6045">
      <class name="PutRequest.Project_PutRequest">
        <test-method signature="Put_Request()[pri:0, instance:PutRequest.Project_PutRequest@543588e6]" started-at="2022-02-19T15:42:14 IST" name="Put_Request" finished-at="2022-02-19T15:42:15 IST" duration-ms="563" status="PASS">
          <reporter-output>
          </reporter-output>
        </test-method> <!-- Put_Request -->
      </class> <!-- PutRequest.Project_PutRequest -->
      <class name="DeleteRequest.Project_DeleteRequest">
        <test-method signature="Delete_Request()[pri:0, instance:DeleteRequest.Project_DeleteRequest@58695725]" started-at="2022-02-19T15:42:14 IST" name="Delete_Request" finished-at="2022-02-19T15:42:14 IST" duration-ms="592" status="PASS">
          <reporter-output>
          </reporter-output>
        </test-method> <!-- Delete_Request -->
      </class> <!-- DeleteRequest.Project_DeleteRequest -->
      <class name="PostRequest.Project_PostRequest">
        <test-method signature="Post_Request()[pri:0, instance:PostRequest.Project_PostRequest@7133da86]" started-at="2022-02-19T15:42:09 IST" name="Post_Request" finished-at="2022-02-19T15:42:12 IST" duration-ms="3404" status="PASS">
          <reporter-output>
          </reporter-output>
        </test-method> <!-- Post_Request -->
      </class> <!-- PostRequest.Project_PostRequest -->
      <class name="GetRequest.Project_GetRequest">
        <test-method signature="Get_Request()[pri:0, instance:GetRequest.Project_GetRequest@618425b5]" started-at="2022-02-19T15:42:12 IST" name="Get_Request" finished-at="2022-02-19T15:42:14 IST" duration-ms="1416" status="PASS">
          <reporter-output>
          </reporter-output>
        </test-method> <!-- Get_Request -->
      </class> <!-- GetRequest.Project_GetRequest -->
    </test> <!-- Test -->
  </suite> <!-- Suite -->
</testng-results>
